[0.005s] Invoking command in '/home/rileychron111/Documents/GitHub/my_package/build/my_package': CMAKE_PREFIX_PATH=/opt/ros/humble /usr/bin/cmake /home/rileychron111/Documents/GitHub/my_package -DAMENT_CMAKE_SYMLINK_INSTALL=1 -DCMAKE_INSTALL_PREFIX=/home/rileychron111/Documents/GitHub/my_package/install/my_package
[0.066s] -- The C compiler identification is GNU 11.4.0
[0.114s] -- The CXX compiler identification is GNU 11.4.0
[0.120s] -- Detecting C compiler ABI info
[0.158s] -- Detecting C compiler ABI info - done
[0.162s] -- Check for working C compiler: /usr/bin/cc - skipped
[0.162s] -- Detecting C compile features
[0.163s] -- Detecting C compile features - done
[0.165s] -- Detecting CXX compiler ABI info
[0.206s] -- Detecting CXX compiler ABI info - done
[0.210s] -- Check for working CXX compiler: /usr/bin/c++ - skipped
[0.210s] -- Detecting CXX compile features
[0.210s] -- Detecting CXX compile features - done
[0.213s] -- Found ament_cmake: 1.3.9 (/opt/ros/humble/share/ament_cmake/cmake)
[0.299s] -- Found Python3: /usr/bin/python3 (found version "3.10.12") found components: Interpreter 
[0.334s] -- Override CMake install command with custom implementation using symlinks instead of copying resources
[0.349s] -- Found ament_lint_auto: 0.12.11 (/opt/ros/humble/share/ament_lint_auto/cmake)
[0.394s] -- Added test 'cppcheck' to perform static code analysis on C / C++ code
[0.394s] -- Configured cppcheck include dirs: 
[0.394s] -- Configured cppcheck exclude dirs and/or files: 
[0.394s] -- Added test 'flake8' to check Python code syntax and style conventions
[0.395s] -- Added test 'lint_cmake' to check CMake code style
[0.396s] -- Added test 'pep257' to check Python code against some of the docstring style conventions in PEP 257
[0.398s] -- Added test 'uncrustify' to check C / C++ code style
[0.398s] -- Configured uncrustify additional arguments: 
[0.399s] -- Added test 'xmllint' to check XML markup files
[0.400s] -- Configuring done
[0.401s] -- Generating done
[0.401s] -- Build files have been written to: /home/rileychron111/Documents/GitHub/my_package/build/my_package
[0.404s] Invoked command in '/home/rileychron111/Documents/GitHub/my_package/build/my_package' returned '0': CMAKE_PREFIX_PATH=/opt/ros/humble /usr/bin/cmake /home/rileychron111/Documents/GitHub/my_package -DAMENT_CMAKE_SYMLINK_INSTALL=1 -DCMAKE_INSTALL_PREFIX=/home/rileychron111/Documents/GitHub/my_package/install/my_package
[0.404s] Invoking command in '/home/rileychron111/Documents/GitHub/my_package/build/my_package': CMAKE_PREFIX_PATH=/opt/ros/humble /usr/bin/cmake --build /home/rileychron111/Documents/GitHub/my_package/build/my_package -- -j12 -l12
[0.424s] Invoked command in '/home/rileychron111/Documents/GitHub/my_package/build/my_package' returned '0': CMAKE_PREFIX_PATH=/opt/ros/humble /usr/bin/cmake --build /home/rileychron111/Documents/GitHub/my_package/build/my_package -- -j12 -l12
[0.440s] Invoking command in '/home/rileychron111/Documents/GitHub/my_package/build/my_package': CMAKE_PREFIX_PATH=/opt/ros/humble /usr/bin/cmake --install /home/rileychron111/Documents/GitHub/my_package/build/my_package
[0.444s] -- Install configuration: ""
[0.444s] -- Execute custom install script
[0.444s] -- Symlinking: /home/rileychron111/Documents/GitHub/my_package/install/my_package/share/my_package/launch/listener.launch.py
[0.449s] -- Symlinking: /home/rileychron111/Documents/GitHub/my_package/install/my_package/share/my_package/launch/talker.launch.py
[0.453s] -- Symlinking: /home/rileychron111/Documents/GitHub/my_package/install/my_package/share/ament_index/resource_index/package_run_dependencies/my_package
[0.458s] -- Symlinking: /home/rileychron111/Documents/GitHub/my_package/install/my_package/share/ament_index/resource_index/parent_prefix_path/my_package
[0.463s] -- Symlinking: /home/rileychron111/Documents/GitHub/my_package/install/my_package/share/my_package/environment/ament_prefix_path.sh
[0.467s] -- Symlinking: /home/rileychron111/Documents/GitHub/my_package/install/my_package/share/my_package/environment/ament_prefix_path.dsv
[0.472s] -- Symlinking: /home/rileychron111/Documents/GitHub/my_package/install/my_package/share/my_package/environment/path.sh
[0.476s] -- Symlinking: /home/rileychron111/Documents/GitHub/my_package/install/my_package/share/my_package/environment/path.dsv
[0.481s] -- Symlinking: /home/rileychron111/Documents/GitHub/my_package/install/my_package/share/my_package/local_setup.bash
[0.485s] -- Symlinking: /home/rileychron111/Documents/GitHub/my_package/install/my_package/share/my_package/local_setup.sh
[0.490s] -- Symlinking: /home/rileychron111/Documents/GitHub/my_package/install/my_package/share/my_package/local_setup.zsh
[0.495s] -- Symlinking: /home/rileychron111/Documents/GitHub/my_package/install/my_package/share/my_package/local_setup.dsv
[0.499s] -- Symlinking: /home/rileychron111/Documents/GitHub/my_package/install/my_package/share/my_package/package.dsv
[0.504s] -- Symlinking: /home/rileychron111/Documents/GitHub/my_package/install/my_package/share/ament_index/resource_index/packages/my_package
[0.508s] -- Symlinking: /home/rileychron111/Documents/GitHub/my_package/install/my_package/share/my_package/cmake/my_packageConfig.cmake
[0.513s] -- Symlinking: /home/rileychron111/Documents/GitHub/my_package/install/my_package/share/my_package/cmake/my_packageConfig-version.cmake
[0.517s] -- Symlinking: /home/rileychron111/Documents/GitHub/my_package/install/my_package/share/my_package/package.xml
[0.523s] Invoked command in '/home/rileychron111/Documents/GitHub/my_package/build/my_package' returned '0': CMAKE_PREFIX_PATH=/opt/ros/humble /usr/bin/cmake --install /home/rileychron111/Documents/GitHub/my_package/build/my_package
