[0.005s] Invoking command in '/home/rileychron111/Documents/GitHub/my_package/build/my_package': CMAKE_PREFIX_PATH=/opt/ros/humble /usr/bin/cmake --build /home/rileychron111/Documents/GitHub/my_package/build/my_package -- -j12 -l12
[0.025s] Invoked command in '/home/rileychron111/Documents/GitHub/my_package/build/my_package' returned '0': CMAKE_PREFIX_PATH=/opt/ros/humble /usr/bin/cmake --build /home/rileychron111/Documents/GitHub/my_package/build/my_package -- -j12 -l12
[0.041s] Invoking command in '/home/rileychron111/Documents/GitHub/my_package/build/my_package': CMAKE_PREFIX_PATH=/opt/ros/humble /usr/bin/cmake --install /home/rileychron111/Documents/GitHub/my_package/build/my_package
[0.045s] -- Install configuration: ""
[0.045s] -- Execute custom install script
[0.045s] -- Up-to-date symlink: /home/rileychron111/Documents/GitHub/my_package/install/my_package/share/my_package/launch/listener.launch.py
[0.045s] -- Up-to-date symlink: /home/rileychron111/Documents/GitHub/my_package/install/my_package/share/my_package/launch/talker.launch.py
[0.045s] -- Up-to-date symlink: /home/rileychron111/Documents/GitHub/my_package/install/my_package/share/ament_index/resource_index/package_run_dependencies/my_package
[0.045s] -- Up-to-date symlink: /home/rileychron111/Documents/GitHub/my_package/install/my_package/share/ament_index/resource_index/parent_prefix_path/my_package
[0.045s] -- Up-to-date symlink: /home/rileychron111/Documents/GitHub/my_package/install/my_package/share/my_package/environment/ament_prefix_path.sh
[0.045s] -- Up-to-date symlink: /home/rileychron111/Documents/GitHub/my_package/install/my_package/share/my_package/environment/ament_prefix_path.dsv
[0.045s] -- Up-to-date symlink: /home/rileychron111/Documents/GitHub/my_package/install/my_package/share/my_package/environment/path.sh
[0.045s] -- Up-to-date symlink: /home/rileychron111/Documents/GitHub/my_package/install/my_package/share/my_package/environment/path.dsv
[0.046s] -- Up-to-date symlink: /home/rileychron111/Documents/GitHub/my_package/install/my_package/share/my_package/local_setup.bash
[0.046s] -- Up-to-date symlink: /home/rileychron111/Documents/GitHub/my_package/install/my_package/share/my_package/local_setup.sh
[0.046s] -- Up-to-date symlink: /home/rileychron111/Documents/GitHub/my_package/install/my_package/share/my_package/local_setup.zsh
[0.046s] -- Up-to-date symlink: /home/rileychron111/Documents/GitHub/my_package/install/my_package/share/my_package/local_setup.dsv
[0.046s] -- Symlinking: /home/rileychron111/Documents/GitHub/my_package/install/my_package/share/my_package/package.dsv
[0.051s] -- Up-to-date symlink: /home/rileychron111/Documents/GitHub/my_package/install/my_package/share/ament_index/resource_index/packages/my_package
[0.051s] -- Up-to-date symlink: /home/rileychron111/Documents/GitHub/my_package/install/my_package/share/my_package/cmake/my_packageConfig.cmake
[0.051s] -- Up-to-date symlink: /home/rileychron111/Documents/GitHub/my_package/install/my_package/share/my_package/cmake/my_packageConfig-version.cmake
[0.051s] -- Up-to-date symlink: /home/rileychron111/Documents/GitHub/my_package/install/my_package/share/my_package/package.xml
[0.052s] Invoked command in '/home/rileychron111/Documents/GitHub/my_package/build/my_package' returned '0': CMAKE_PREFIX_PATH=/opt/ros/humble /usr/bin/cmake --install /home/rileychron111/Documents/GitHub/my_package/build/my_package
